<?xml version="1.0" encoding="UTF-8"?>
<!-- Generated by org.testng.reporters.JUnitReportReporter -->
<testsuite hostname="DESKTOP-7K4NGQ6" failures="0" tests="1" name="testcases.EditLead" time="45.026" errors="0" timestamp="19 Jul 2018 06:46:30 GMT" skipped="0">
  <testcase classname="testcases.EditLead" name="editlead" time="45.026"/>
</testsuite> <!-- testcases.EditLead -->
