<?xml version="1.0" encoding="UTF-8"?>
<!-- Generated by org.testng.reporters.JUnitReportReporter -->
<testsuite hostname="DESKTOP-7K4NGQ6" failures="0" tests="3" name="testng.Attributes" time="0.013" errors="0" timestamp="18 Jul 2018 05:56:56 GMT" skipped="0">
  <testcase classname="testng.Attributes" name="create" time="0.010"/>
  <testcase classname="testng.Attributes" name="find" time="0.001"/>
  <testcase classname="testng.Attributes" name="edit" time="0.002"/>
</testsuite> <!-- testng.Attributes -->
