<?xml version="1.0" encoding="UTF-8"?>
<!-- Generated by org.testng.reporters.JUnitReportReporter -->
<testsuite hostname="DESKTOP-7K4NGQ6" failures="0" tests="1" name="testcases.DuplicateLead" time="29.710" errors="0" timestamp="19 Jul 2018 06:16:33 GMT" skipped="0">
  <testcase classname="testcases.DuplicateLead" name="duplicate" time="29.710"/>
</testsuite> <!-- testcases.DuplicateLead -->
