<?xml version="1.0" encoding="UTF-8"?>
<!-- Generated by org.testng.reporters.JUnitReportReporter -->
<testsuite hostname="DESKTOP-7K4NGQ6" failures="0" tests="1" name="testcases.Login2$Login" time="0.016" errors="1" timestamp="17 Jul 2018 06:33:47 GMT">
  <testcase classname="testcases.Login2$Login" name="login" time="0.016">
    <error type="java.lang.StackOverflowError">
      <![CDATA[java.lang.StackOverflowError
	at testcases.Login2$Login.login(Login2.java:15)
	at testcases.Login2$Login.login(Login2.java:15)
	at testcases.Login2$Login.login(Login2.java:15)
	at testcases.Login2$Login.login(Login2.java:15)
	at testcases.Login2$Login.login(Login2.java:15)
	at testcases.Login2$Login.login(Login2.java:15)
	at testcases.Login2$Login.login(Login2.java:15)
	at testcases.Login2$Login.login(Login2.java:15)
	at testcases.Login2$Login.login(Login2.java:15)
	at testcases.Login2$Login.login(Login2.java:15)
	at testcases.Login2$Login.login(Login2.java:15)
	at testcases.Login2$Login.login(Login2.java:15)
	at testcases.Login2$Login.login(Login2.java:15)
	at testcases.Login2$Login.login(Login2.java:15)
	at testcases.Login2$Login.login(Login2.java:15)
	at testcases.Login2$Login.login(Login2.java:15)
	at testcases.Login2$Login.login(Login2.java:15)
	at testcases.Login2$Login.login(Login2.java:15)
	at testcases.Login2$Login.login(Login2.java:15)
	at testcases.Login2$Login.login(Login2.java:15)
	at testcases.Login2$Login.login(Login2.java:15)
	at testcases.Login2$Login.login(Login2.java:15)
	at testcases.Login2$Login.login(Login2.java:15)
	at testcases.Login2$Login.login(Login2.java:15)
	at testcases.Login2$Login.login(Login2.java:15)
	at testcases.Login2$Login.login(Login2.java:15)
	at testcases.Login2$Login.login(Login2.java:15)
	at testcases.Login2$Login.login(Login2.java:15)
	at testcases.Login2$Login.login(Login2.java:15)
	at testcases.Login2$Login.login(Login2.java:15)
	at testcases.Login2$Login.login(Login2.java:15)
	at testcases.Login2$Login.login(Login2.java:15)
	at testcases.Login2$Login.login(Login2.java:15)
	at testcases.Login2$Login.login(Login2.java:15)
	at testcases.Login2$Login.login(Login2.java:15)
	at testcases.Login2$Login.login(Login2.java:15)
	at testcases.Login2$Login.login(Login2.java:15)
	at testcases.Login2$Login.login(Login2.java:15)
	at testcases.Login2$Login.login(Login2.java:15)
	at testcases.Login2$Login.login(Login2.java:15)
	at testcases.Login2$Login.login(Login2.java:15)
	at testcases.Login2$Login.login(Login2.java:15)
	at testcases.Login2$Login.login(Login2.java:15)
	at testcases.Login2$Login.login(Login2.java:15)
	at testcases.Login2$Login.login(Login2.java:15)
	at testcases.Login2$Login.login(Login2.java:15)
	at testcases.Login2$Login.login(Login2.java:15)
	at testcases.Login2$Login.login(Login2.java:15)
	at testcases.Login2$Login.login(Login2.java:15)
	at testcases.Login2$Login.login(Login2.java:15)
	at testcases.Login2$Login.login(Login2.java:15)
	at testcases.Login2$Login.login(Login2.java:15)
	at testcases.Login2$Login.login(Login2.java:15)
	at testcases.Login2$Login.login(Login2.java:15)
	at testcases.Login2$Login.login(Login2.java:15)
	at testcases.Login2$Login.login(Login2.java:15)
	at testcases.Login2$Login.login(Login2.java:15)
	at testcases.Login2$Login.login(Login2.java:15)
	at testcases.Login2$Login.login(Login2.java:15)
	at testcases.Login2$Login.login(Login2.java:15)
	at testcases.Login2$Login.login(Login2.java:15)
	at testcases.Login2$Login.login(Login2.java:15)
	at testcases.Login2$Login.login(Login2.java:15)
	at testcases.Login2$Login.login(Login2.java:15)
	at testcases.Login2$Login.login(Login2.java:15)
	at testcases.Login2$Login.login(Login2.java:15)
	at testcases.Login2$Login.login(Login2.java:15)
	at testcases.Login2$Login.login(Login2.java:15)
	at testcases.Login2$Login.login(Login2.java:15)
	at testcases.Login2$Login.login(Login2.java:15)
	at testcases.Login2$Login.login(Login2.java:15)
	at testcases.Login2$Login.login(Login2.java:15)
	at testcases.Login2$Login.login(Login2.java:15)
	at testcases.Login2$Login.login(Login2.java:15)
	at testcases.Login2$Login.login(Login2.java:15)
	at testcases.Login2$Login.login(Login2.java:15)
	at testcases.Login2$Login.login(Login2.java:15)
	at testcases.Login2$Login.login(Login2.java:15)
	at testcases.Login2$Login.login(Login2.java:15)
	at testcases.Login2$Login.login(Login2.java:15)
	at testcases.Login2$Login.login(Login2.java:15)
	at testcases.Login2$Login.login(Login2.java:15)
	at testcases.Login2$Login.login(Login2.java:15)
	at testcases.Login2$Login.login(Login2.java:15)
	at testcases.Login2$Login.login(Login2.java:15)
	at testcases.Login2$Login.login(Login2.java:15)
	at testcases.Login2$Login.login(Login2.java:15)
	at testcases.Login2$Login.login(Login2.java:15)
	at testcases.Login2$Login.login(Login2.java:15)
	at testcases.Login2$Login.login(Login2.java:15)
	at testcases.Login2$Login.login(Login2.java:15)
	at testcases.Login2$Login.login(Login2.java:15)
	at testcases.Login2$Login.login(Login2.java:15)
	at testcases.Login2$Login.login(Login2.java:15)
	at testcases.Login2$Login.login(Login2.java:15)
	at testcases.Login2$Login.login(Login2.java:15)
	at testcases.Login2$Login.login(Login2.java:15)
	at testcases.Login2$Login.login(Login2.java:15)
	at testcases.Login2$Login.login(Login2.java:15)
	at testcases.Login2$Login.login(Login2.java:15)
	at testcases.Login2$Login.login(Login2.java:15)
	at testcases.Login2$Login.login(Login2.java:15)
	at testcases.Login2$Login.login(Login2.java:15)
	at testcases.Login2$Login.login(Login2.java:15)
	at testcases.Login2$Login.login(Login2.java:15)
	at testcases.Login2$Login.login(Login2.java:15)
	at testcases.Login2$Login.login(Login2.java:15)
	at testcases.Login2$Login.login(Login2.java:15)
	at testcases.Login2$Login.login(Login2.java:15)
	at testcases.Login2$Login.login(Login2.java:15)
	at testcases.Login2$Login.login(Login2.java:15)
	at testcases.Login2$Login.login(Login2.java:15)
	at testcases.Login2$Login.login(Login2.java:15)
	at testcases.Login2$Login.login(Login2.java:15)
	at testcases.Login2$Login.login(Login2.java:15)
	at testcases.Login2$Login.login(Login2.java:15)
	at testcases.Login2$Login.login(Login2.java:15)
	at testcases.Login2$Login.login(Login2.java:15)
	at testcases.Login2$Login.login(Login2.java:15)
	at testcases.Login2$Login.login(Login2.java:15)
	at testcases.Login2$Login.login(Login2.java:15)
	at testcases.Login2$Login.login(Login2.java:15)
	at testcases.Login2$Login.login(Login2.java:15)
	at testcases.Login2$Login.login(Login2.java:15)
	at testcases.Login2$Login.login(Login2.java:15)
	at testcases.Login2$Login.login(Login2.java:15)
	at testcases.Login2$Login.login(Login2.java:15)
	at testcases.Login2$Login.login(Login2.java:15)
	at testcases.Login2$Login.login(Login2.java:15)
	at testcases.Login2$Login.login(Login2.java:15)
	at testcases.Login2$Login.login(Login2.java:15)
	at testcases.Login2$Login.login(Login2.java:15)
	at testcases.Login2$Login.login(Login2.java:15)
	at testcases.Login2$Login.login(Login2.java:15)
	at testcases.Login2$Login.login(Login2.java:15)
	at testcases.Login2$Login.login(Login2.java:15)
	at testcases.Login2$Login.login(Login2.java:15)
	at testcases.Login2$Login.login(Login2.java:15)
	at testcases.Login2$Login.login(Login2.java:15)
	at testcases.Login2$Login.login(Login2.java:15)
	at testcases.Login2$Login.login(Login2.java:15)
	at testcases.Login2$Login.login(Login2.java:15)
	at testcases.Login2$Login.login(Login2.java:15)
	at testcases.Login2$Login.login(Login2.java:15)
	at testcases.Login2$Login.login(Login2.java:15)
	at testcases.Login2$Login.login(Login2.java:15)
	at testcases.Login2$Login.login(Login2.java:15)
	at testcases.Login2$Login.login(Login2.java:15)
	at testcases.Login2$Login.login(Login2.java:15)
	at testcases.Login2$Login.login(Login2.java:15)
	at testcases.Login2$Login.login(Login2.java:15)
	at testcases.Login2$Login.login(Login2.java:15)
	at testcases.Login2$Login.login(Login2.java:15)
	at testcases.Login2$Login.login(Login2.java:15)
	at testcases.Login2$Login.login(Login2.java:15)
	at testcases.Login2$Login.login(Login2.java:15)
	at testcases.Login2$Login.login(Login2.java:15)
	at testcases.Login2$Login.login(Login2.java:15)
	at testcases.Login2$Login.login(Login2.java:15)
	at testcases.Login2$Login.login(Login2.java:15)
	at testcases.Login2$Login.login(Login2.java:15)
	at testcases.Login2$Login.login(Login2.java:15)
	at testcases.Login2$Login.login(Login2.java:15)
	at testcases.Login2$Login.login(Login2.java:15)
	at testcases.Login2$Login.login(Login2.java:15)
	at testcases.Login2$Login.login(Login2.java:15)
	at testcases.Login2$Login.login(Login2.java:15)
	at testcases.Login2$Login.login(Login2.java:15)
	at testcases.Login2$Login.login(Login2.java:15)
	at testcases.Login2$Login.login(Login2.java:15)
	at testcases.Login2$Login.login(Login2.java:15)
	at testcases.Login2$Login.login(Login2.java:15)
	at testcases.Login2$Login.login(Login2.java:15)
	at testcases.Login2$Login.login(Login2.java:15)
	at testcases.Login2$Login.login(Login2.java:15)
	at testcases.Login2$Login.login(Login2.java:15)
	at testcases.Login2$Login.login(Login2.java:15)
	at testcases.Login2$Login.login(Login2.java:15)
	at testcases.Login2$Login.login(Login2.java:15)
	at testcases.Login2$Login.login(Login2.java:15)
	at testcases.Login2$Login.login(Login2.java:15)
	at testcases.Login2$Login.login(Login2.java:15)
	at testcases.Login2$Login.login(Login2.java:15)
	at testcases.Login2$Login.login(Login2.java:15)
	at testcases.Login2$Login.login(Login2.java:15)
	at testcases.Login2$Login.login(Login2.java:15)
	at testcases.Login2$Login.login(Login2.java:15)
	at testcases.Login2$Login.login(Login2.java:15)
	at testcases.Login2$Login.login(Login2.java:15)
	at testcases.Login2$Login.login(Login2.java:15)
	at testcases.Login2$Login.login(Login2.java:15)
	at testcases.Login2$Login.login(Login2.java:15)
	at testcases.Login2$Login.login(Login2.java:15)
	at testcases.Login2$Login.login(Login2.java:15)
	at testcases.Login2$Login.login(Login2.java:15)
	at testcases.Login2$Login.login(Login2.java:15)
	at testcases.Login2$Login.login(Login2.java:15)
	at testcases.Login2$Login.login(Login2.java:15)
	at testcases.Login2$Login.login(Login2.java:15)
	at testcases.Login2$Login.login(Login2.java:15)
	at testcases.Login2$Login.login(Login2.java:15)
	at testcases.Login2$Login.login(Login2.java:15)
	at testcases.Login2$Login.login(Login2.java:15)
	at testcases.Login2$Login.login(Login2.java:15)
	at testcases.Login2$Login.login(Login2.java:15)
	at testcases.Login2$Login.login(Login2.java:15)
	at testcases.Login2$Login.login(Login2.java:15)
	at testcases.Login2$Login.login(Login2.java:15)
	at testcases.Login2$Login.login(Login2.java:15)
	at testcases.Login2$Login.login(Login2.java:15)
	at testcases.Login2$Login.login(Login2.java:15)
	at testcases.Login2$Login.login(Login2.java:15)
	at testcases.Login2$Login.login(Login2.java:15)
	at testcases.Login2$Login.login(Login2.java:15)
	at testcases.Login2$Login.login(Login2.java:15)
	at testcases.Login2$Login.login(Login2.java:15)
	at testcases.Login2$Login.login(Login2.java:15)
	at testcases.Login2$Login.login(Login2.java:15)
	at testcases.Login2$Login.login(Login2.java:15)
	at testcases.Login2$Login.login(Login2.java:15)
	at testcases.Login2$Login.login(Login2.java:15)
	at testcases.Login2$Login.login(Login2.java:15)
	at testcases.Login2$Login.login(Login2.java:15)
	at testcases.Login2$Login.login(Login2.java:15)
	at testcases.Login2$Login.login(Login2.java:15)
	at testcases.Login2$Login.login(Login2.java:15)
	at testcases.Login2$Login.login(Login2.java:15)
	at testcases.Login2$Login.login(Login2.java:15)
	at testcases.Login2$Login.login(Login2.java:15)
	at testcases.Login2$Login.login(Login2.java:15)
	at testcases.Login2$Login.login(Login2.java:15)
	at testcases.Login2$Login.login(Login2.java:15)
	at testcases.Login2$Login.login(Login2.java:15)
	at testcases.Login2$Login.login(Login2.java:15)
	at testcases.Login2$Login.login(Login2.java:15)
	at testcases.Login2$Login.login(Login2.java:15)
	at testcases.Login2$Login.login(Login2.java:15)
	at testcases.Login2$Login.login(Login2.java:15)
	at testcases.Login2$Login.login(Login2.java:15)
	at testcases.Login2$Login.login(Login2.java:15)
	at testcases.Login2$Login.login(Login2.java:15)
	at testcases.Login2$Login.login(Login2.java:15)
	at testcases.Login2$Login.login(Login2.java:15)
	at testcases.Login2$Login.login(Login2.java:15)
	at testcases.Login2$Login.login(Login2.java:15)
	at testcases.Login2$Login.login(Login2.java:15)
	at testcases.Login2$Login.login(Login2.java:15)
	at testcases.Login2$Login.login(Login2.java:15)
	at testcases.Login2$Login.login(Login2.java:15)
	at testcases.Login2$Login.login(Login2.java:15)
	at testcases.Login2$Login.login(Login2.java:15)
	at testcases.Login2$Login.login(Login2.java:15)
	at testcases.Login2$Login.login(Login2.java:15)
	at testcases.Login2$Login.login(Login2.java:15)
	at testcases.Login2$Login.login(Login2.java:15)
	at testcases.Login2$Login.login(Login2.java:15)
	at testcases.Login2$Login.login(Login2.java:15)
	at testcases.Login2$Login.login(Login2.java:15)
	at testcases.Login2$Login.login(Login2.java:15)
	at testcases.Login2$Login.login(Login2.java:15)
	at testcases.Login2$Login.login(Login2.java:15)
	at testcases.Login2$Login.login(Login2.java:15)
	at testcases.Login2$Login.login(Login2.java:15)
	at testcases.Login2$Login.login(Login2.java:15)
	at testcases.Login2$Login.login(Login2.java:15)
	at testcases.Login2$Login.login(Login2.java:15)
	at testcases.Login2$Login.login(Login2.java:15)
	at testcases.Login2$Login.login(Login2.java:15)
	at testcases.Login2$Login.login(Login2.java:15)
	at testcases.Login2$Login.login(Login2.java:15)
	at testcases.Login2$Login.login(Login2.java:15)
	at testcases.Login2$Login.login(Login2.java:15)
	at testcases.Login2$Login.login(Login2.java:15)
	at testcases.Login2$Login.login(Login2.java:15)
	at testcases.Login2$Login.login(Login2.java:15)
	at testcases.Login2$Login.login(Login2.java:15)
	at testcases.Login2$Login.login(Login2.java:15)
	at testcases.Login2$Login.login(Login2.java:15)
	at testcases.Login2$Login.login(Login2.java:15)
	at testcases.Login2$Login.login(Login2.java:15)
	at testcases.Login2$Login.login(Login2.java:15)
	at testcases.Login2$Login.login(Login2.java:15)
	at testcases.Login2$Login.login(Login2.java:15)
	at testcases.Login2$Login.login(Login2.java:15)
	at testcases.Login2$Login.login(Login2.java:15)
	at testcases.Login2$Login.login(Login2.java:15)
	at testcases.Login2$Login.login(Login2.java:15)
	at testcases.Login2$Login.login(Login2.java:15)
	at testcases.Login2$Login.login(Login2.java:15)
	at testcases.Login2$Login.login(Login2.java:15)
	at testcases.Login2$Login.login(Login2.java:15)
	at testcases.Login2$Login.login(Login2.java:15)
	at testcases.Login2$Login.login(Login2.java:15)
	at testcases.Login2$Login.login(Login2.java:15)
	at testcases.Login2$Login.login(Login2.java:15)
	at testcases.Login2$Login.login(Login2.java:15)
	at testcases.Login2$Login.login(Login2.java:15)
	at testcases.Login2$Login.login(Login2.java:15)
	at testcases.Login2$Login.login(Login2.java:15)
	at testcases.Login2$Login.login(Login2.java:15)
	at testcases.Login2$Login.login(Login2.java:15)
	at testcases.Login2$Login.login(Login2.java:15)
	at testcases.Login2$Login.login(Login2.java:15)
	at testcases.Login2$Login.login(Login2.java:15)
	at testcases.Login2$Login.login(Login2.java:15)
	at testcases.Login2$Login.login(Login2.java:15)
	at testcases.Login2$Login.login(Login2.java:15)
	at testcases.Login2$Login.login(Login2.java:15)
	at testcases.Login2$Login.login(Login2.java:15)
	at testcases.Login2$Login.login(Login2.java:15)
	at testcases.Login2$Login.login(Login2.java:15)
	at testcases.Login2$Login.login(Login2.java:15)
	at testcases.Login2$Login.login(Login2.java:15)
	at testcases.Login2$Login.login(Login2.java:15)
	at testcases.Login2$Login.login(Login2.java:15)
	at testcases.Login2$Login.login(Login2.java:15)
	at testcases.Login2$Login.login(Login2.java:15)
	at testcases.Login2$Login.login(Login2.java:15)
	at testcases.Login2$Login.login(Login2.java:15)
	at testcases.Login2$Login.login(Login2.java:15)
	at testcases.Login2$Login.login(Login2.java:15)
	at testcases.Login2$Login.login(Login2.java:15)
	at testcases.Login2$Login.login(Login2.java:15)
	at testcases.Login2$Login.login(Login2.java:15)
	at testcases.Login2$Login.login(Login2.java:15)
	at testcases.Login2$Login.login(Login2.java:15)
	at testcases.Login2$Login.login(Login2.java:15)
	at testcases.Login2$Login.login(Login2.java:15)
	at testcases.Login2$Login.login(Login2.java:15)
	at testcases.Login2$Login.login(Login2.java:15)
	at testcases.Login2$Login.login(Login2.java:15)
	at testcases.Login2$Login.login(Login2.java:15)
	at testcases.Login2$Login.login(Login2.java:15)
	at testcases.Login2$Login.login(Login2.java:15)
	at testcases.Login2$Login.login(Login2.java:15)
	at testcases.Login2$Login.login(Login2.java:15)
	at testcases.Login2$Login.login(Login2.java:15)
	at testcases.Login2$Login.login(Login2.java:15)
	at testcases.Login2$Login.login(Login2.java:15)
	at testcases.Login2$Login.login(Login2.java:15)
	at testcases.Login2$Login.login(Login2.java:15)
	at testcases.Login2$Login.login(Login2.java:15)
	at testcases.Login2$Login.login(Login2.java:15)
	at testcases.Login2$Login.login(Login2.java:15)
	at testcases.Login2$Login.login(Login2.java:15)
	at testcases.Login2$Login.login(Login2.java:15)
	at testcases.Login2$Login.login(Login2.java:15)
	at testcases.Login2$Login.login(Login2.java:15)
	at testcases.Login2$Login.login(Login2.java:15)
	at testcases.Login2$Login.login(Login2.java:15)
	at testcases.Login2$Login.login(Login2.java:15)
	at testcases.Login2$Login.login(Login2.java:15)
	at testcases.Login2$Login.login(Login2.java:15)
	at testcases.Login2$Login.login(Login2.java:15)
	at testcases.Login2$Login.login(Login2.java:15)
	at testcases.Login2$Login.login(Login2.java:15)
	at testcases.Login2$Login.login(Login2.java:15)
	at testcases.Login2$Login.login(Login2.java:15)
	at testcases.Login2$Login.login(Login2.java:15)
	at testcases.Login2$Login.login(Login2.java:15)
	at testcases.Login2$Login.login(Login2.java:15)
	at testcases.Login2$Login.login(Login2.java:15)
	at testcases.Login2$Login.login(Login2.java:15)
	at testcases.Login2$Login.login(Login2.java:15)
	at testcases.Login2$Login.login(Login2.java:15)
	at testcases.Login2$Login.login(Login2.java:15)
	at testcases.Login2$Login.login(Login2.java:15)
	at testcases.Login2$Login.login(Login2.java:15)
	at testcases.Login2$Login.login(Login2.java:15)
	at testcases.Login2$Login.login(Login2.java:15)
	at testcases.Login2$Login.login(Login2.java:15)
	at testcases.Login2$Login.login(Login2.java:15)
	at testcases.Login2$Login.login(Login2.java:15)
	at testcases.Login2$Login.login(Login2.java:15)
	at testcases.Login2$Login.login(Login2.java:15)
	at testcases.Login2$Login.login(Login2.java:15)
	at testcases.Login2$Login.login(Login2.java:15)
	at testcases.Login2$Login.login(Login2.java:15)
	at testcases.Login2$Login.login(Login2.java:15)
	at testcases.Login2$Login.login(Login2.java:15)
	at testcases.Login2$Login.login(Login2.java:15)
	at testcases.Login2$Login.login(Login2.java:15)
	at testcases.Login2$Login.login(Login2.java:15)
	at testcases.Login2$Login.login(Login2.java:15)
	at testcases.Login2$Login.login(Login2.java:15)
	at testcases.Login2$Login.login(Login2.java:15)
	at testcases.Login2$Login.login(Login2.java:15)
	at testcases.Login2$Login.login(Login2.java:15)
	at testcases.Login2$Login.login(Login2.java:15)
	at testcases.Login2$Login.login(Login2.java:15)
	at testcases.Login2$Login.login(Login2.java:15)
	at testcases.Login2$Login.login(Login2.java:15)
	at testcases.Login2$Login.login(Login2.java:15)
	at testcases.Login2$Login.login(Login2.java:15)
	at testcases.Login2$Login.login(Login2.java:15)
	at testcases.Login2$Login.login(Login2.java:15)
	at testcases.Login2$Login.login(Login2.java:15)
	at testcases.Login2$Login.login(Login2.java:15)
	at testcases.Login2$Login.login(Login2.java:15)
	at testcases.Login2$Login.login(Login2.java:15)
	at testcases.Login2$Login.login(Login2.java:15)
	at testcases.Login2$Login.login(Login2.java:15)
	at testcases.Login2$Login.login(Login2.java:15)
	at testcases.Login2$Login.login(Login2.java:15)
	at testcases.Login2$Login.login(Login2.java:15)
	at testcases.Login2$Login.login(Login2.java:15)
	at testcases.Login2$Login.login(Login2.java:15)
	at testcases.Login2$Login.login(Login2.java:15)
	at testcases.Login2$Login.login(Login2.java:15)
	at testcases.Login2$Login.login(Login2.java:15)
	at testcases.Login2$Login.login(Login2.java:15)
	at testcases.Login2$Login.login(Login2.java:15)
	at testcases.Login2$Login.login(Login2.java:15)
	at testcases.Login2$Login.login(Login2.java:15)
	at testcases.Login2$Login.login(Login2.java:15)
	at testcases.Login2$Login.login(Login2.java:15)
	at testcases.Login2$Login.login(Login2.java:15)
	at testcases.Login2$Login.login(Login2.java:15)
	at testcases.Login2$Login.login(Login2.java:15)
	at testcases.Login2$Login.login(Login2.java:15)
	at testcases.Login2$Login.login(Login2.java:15)
	at testcases.Login2$Login.login(Login2.java:15)
	at testcases.Login2$Login.login(Login2.java:15)
	at testcases.Login2$Login.login(Login2.java:15)
	at testcases.Login2$Login.login(Login2.java:15)
	at testcases.Login2$Login.login(Login2.java:15)
	at testcases.Login2$Login.login(Login2.java:15)
	at testcases.Login2$Login.login(Login2.java:15)
	at testcases.Login2$Login.login(Login2.java:15)
	at testcases.Login2$Login.login(Login2.java:15)
	at testcases.Login2$Login.login(Login2.java:15)
	at testcases.Login2$Login.login(Login2.java:15)
	at testcases.Login2$Login.login(Login2.java:15)
	at testcases.Login2$Login.login(Login2.java:15)
	at testcases.Login2$Login.login(Login2.java:15)
	at testcases.Login2$Login.login(Login2.java:15)
	at testcases.Login2$Login.login(Login2.java:15)
	at testcases.Login2$Login.login(Login2.java:15)
	at testcases.Login2$Login.login(Login2.java:15)
	at testcases.Login2$Login.login(Login2.java:15)
	at testcases.Login2$Login.login(Login2.java:15)
	at testcases.Login2$Login.login(Login2.java:15)
	at testcases.Login2$Login.login(Login2.java:15)
	at testcases.Login2$Login.login(Login2.java:15)
	at testcases.Login2$Login.login(Login2.java:15)
	at testcases.Login2$Login.login(Login2.java:15)
	at testcases.Login2$Login.login(Login2.java:15)
	at testcases.Login2$Login.login(Login2.java:15)
	at testcases.Login2$Login.login(Login2.java:15)
	at testcases.Login2$Login.login(Login2.java:15)
	at testcases.Login2$Login.login(Login2.java:15)
	at testcases.Login2$Login.login(Login2.java:15)
	at testcases.Login2$Login.login(Login2.java:15)
	at testcases.Login2$Login.login(Login2.java:15)
	at testcases.Login2$Login.login(Login2.java:15)
	at testcases.Login2$Login.login(Login2.java:15)
	at testcases.Login2$Login.login(Login2.java:15)
	at testcases.Login2$Login.login(Login2.java:15)
	at testcases.Login2$Login.login(Login2.java:15)
	at testcases.Login2$Login.login(Login2.java:15)
	at testcases.Login2$Login.login(Login2.java:15)
	at testcases.Login2$Login.login(Login2.java:15)
	at testcases.Login2$Login.login(Login2.java:15)
	at testcases.Login2$Login.login(Login2.java:15)
	at testcases.Login2$Login.login(Login2.java:15)
	at testcases.Login2$Login.login(Login2.java:15)
	at testcases.Login2$Login.login(Login2.java:15)
	at testcases.Login2$Login.login(Login2.java:15)
	at testcases.Login2$Login.login(Login2.java:15)
	at testcases.Login2$Login.login(Login2.java:15)
	at testcases.Login2$Login.login(Login2.java:15)
	at testcases.Login2$Login.login(Login2.java:15)
	at testcases.Login2$Login.login(Login2.java:15)
	at testcases.Login2$Login.login(Login2.java:15)
	at testcases.Login2$Login.login(Login2.java:15)
	at testcases.Login2$Login.login(Login2.java:15)
	at testcases.Login2$Login.login(Login2.java:15)
	at testcases.Login2$Login.login(Login2.java:15)
	at testcases.Login2$Login.login(Login2.java:15)
	at testcases.Login2$Login.login(Login2.java:15)
	at testcases.Login2$Login.login(Login2.java:15)
	at testcases.Login2$Login.login(Login2.java:15)
	at testcases.Login2$Login.login(Login2.java:15)
	at testcases.Login2$Login.login(Login2.java:15)
	at testcases.Login2$Login.login(Login2.java:15)
	at testcases.Login2$Login.login(Login2.java:15)
	at testcases.Login2$Login.login(Login2.java:15)
	at testcases.Login2$Login.login(Login2.java:15)
	at testcases.Login2$Login.login(Login2.java:15)
	at testcases.Login2$Login.login(Login2.java:15)
	at testcases.Login2$Login.login(Login2.java:15)
	at testcases.Login2$Login.login(Login2.java:15)
	at testcases.Login2$Login.login(Login2.java:15)
	at testcases.Login2$Login.login(Login2.java:15)
	at testcases.Login2$Login.login(Login2.java:15)
	at testcases.Login2$Login.login(Login2.java:15)
	at testcases.Login2$Login.login(Login2.java:15)
	at testcases.Login2$Login.login(Login2.java:15)
	at testcases.Login2$Login.login(Login2.java:15)
	at testcases.Login2$Login.login(Login2.java:15)
	at testcases.Login2$Login.login(Login2.java:15)
	at testcases.Login2$Login.login(Login2.java:15)
	at testcases.Login2$Login.login(Login2.java:15)
	at testcases.Login2$Login.login(Login2.java:15)
	at testcases.Login2$Login.login(Login2.java:15)
	at testcases.Login2$Login.login(Login2.java:15)
	at testcases.Login2$Login.login(Login2.java:15)
	at testcases.Login2$Login.login(Login2.java:15)
	at testcases.Login2$Login.login(Login2.java:15)
	at testcases.Login2$Login.login(Login2.java:15)
	at testcases.Login2$Login.login(Login2.java:15)
	at testcases.Login2$Login.login(Login2.java:15)
	at testcases.Login2$Login.login(Login2.java:15)
	at testcases.Login2$Login.login(Login2.java:15)
	at testcases.Login2$Login.login(Login2.java:15)
	at testcases.Login2$Login.login(Login2.java:15)
	at testcases.Login2$Login.login(Login2.java:15)
	at testcases.Login2$Login.login(Login2.java:15)
	at testcases.Login2$Login.login(Login2.java:15)
	at testcases.Login2$Login.login(Login2.java:15)
	at testcases.Login2$Login.login(Login2.java:15)
	at testcases.Login2$Login.login(Login2.java:15)
	at testcases.Login2$Login.login(Login2.java:15)
	at testcases.Login2$Login.login(Login2.java:15)
	at testcases.Login2$Login.login(Login2.java:15)
	at testcases.Login2$Login.login(Login2.java:15)
	at testcases.Login2$Login.login(Login2.java:15)
	at testcases.Login2$Login.login(Login2.java:15)
	at testcases.Login2$Login.login(Login2.java:15)
	at testcases.Login2$Login.login(Login2.java:15)
	at testcases.Login2$Login.login(Login2.java:15)
	at testcases.Login2$Login.login(Login2.java:15)
	at testcases.Login2$Login.login(Login2.java:15)
	at testcases.Login2$Login.login(Login2.java:15)
	at testcases.Login2$Login.login(Login2.java:15)
	at testcases.Login2$Login.login(Login2.java:15)
	at testcases.Login2$Login.login(Login2.java:15)
	at testcases.Login2$Login.login(Login2.java:15)
	at testcases.Login2$Login.login(Login2.java:15)
	at testcases.Login2$Login.login(Login2.java:15)
	at testcases.Login2$Login.login(Login2.java:15)
	at testcases.Login2$Login.login(Login2.java:15)
	at testcases.Login2$Login.login(Login2.java:15)
	at testcases.Login2$Login.login(Login2.java:15)
	at testcases.Login2$Login.login(Login2.java:15)
	at testcases.Login2$Login.login(Login2.java:15)
	at testcases.Login2$Login.login(Login2.java:15)
	at testcases.Login2$Login.login(Login2.java:15)
	at testcases.Login2$Login.login(Login2.java:15)
	at testcases.Login2$Login.login(Login2.java:15)
	at testcases.Login2$Login.login(Login2.java:15)
	at testcases.Login2$Login.login(Login2.java:15)
	at testcases.Login2$Login.login(Login2.java:15)
	at testcases.Login2$Login.login(Login2.java:15)
	at testcases.Login2$Login.login(Login2.java:15)
	at testcases.Login2$Login.login(Login2.java:15)
	at testcases.Login2$Login.login(Login2.java:15)
	at testcases.Login2$Login.login(Login2.java:15)
	at testcases.Login2$Login.login(Login2.java:15)
	at testcases.Login2$Login.login(Login2.java:15)
	at testcases.Login2$Login.login(Login2.java:15)
	at testcases.Login2$Login.login(Login2.java:15)
	at testcases.Login2$Login.login(Login2.java:15)
	at testcases.Login2$Login.login(Login2.java:15)
	at testcases.Login2$Login.login(Login2.java:15)
	at testcases.Login2$Login.login(Login2.java:15)
	at testcases.Login2$Login.login(Login2.java:15)
	at testcases.Login2$Login.login(Login2.java:15)
	at testcases.Login2$Login.login(Login2.java:15)
	at testcases.Login2$Login.login(Login2.java:15)
	at testcases.Login2$Login.login(Login2.java:15)
	at testcases.Login2$Login.login(Login2.java:15)
	at testcases.Login2$Login.login(Login2.java:15)
	at testcases.Login2$Login.login(Login2.java:15)
	at testcases.Login2$Login.login(Login2.java:15)
	at testcases.Login2$Login.login(Login2.java:15)
	at testcases.Login2$Login.login(Login2.java:15)
	at testcases.Login2$Login.login(Login2.java:15)
	at testcases.Login2$Login.login(Login2.java:15)
	at testcases.Login2$Login.login(Login2.java:15)
	at testcases.Login2$Login.login(Login2.java:15)
	at testcases.Login2$Login.login(Login2.java:15)
	at testcases.Login2$Login.login(Login2.java:15)
	at testcases.Login2$Login.login(Login2.java:15)
	at testcases.Login2$Login.login(Login2.java:15)
	at testcases.Login2$Login.login(Login2.java:15)
	at testcases.Login2$Login.login(Login2.java:15)
	at testcases.Login2$Login.login(Login2.java:15)
	at testcases.Login2$Login.login(Login2.java:15)
	at testcases.Login2$Login.login(Login2.java:15)
	at testcases.Login2$Login.login(Login2.java:15)
	at testcases.Login2$Login.login(Login2.java:15)
	at testcases.Login2$Login.login(Login2.java:15)
	at testcases.Login2$Login.login(Login2.java:15)
	at testcases.Login2$Login.login(Login2.java:15)
	at testcases.Login2$Login.login(Login2.java:15)
	at testcases.Login2$Login.login(Login2.java:15)
	at testcases.Login2$Login.login(Login2.java:15)
	at testcases.Login2$Login.login(Login2.java:15)
	at testcases.Login2$Login.login(Login2.java:15)
	at testcases.Login2$Login.login(Login2.java:15)
	at testcases.Login2$Login.login(Login2.java:15)
	at testcases.Login2$Login.login(Login2.java:15)
	at testcases.Login2$Login.login(Login2.java:15)
	at testcases.Login2$Login.login(Login2.java:15)
	at testcases.Login2$Login.login(Login2.java:15)
	at testcases.Login2$Login.login(Login2.java:15)
	at testcases.Login2$Login.login(Login2.java:15)
	at testcases.Login2$Login.login(Login2.java:15)
	at testcases.Login2$Login.login(Login2.java:15)
	at testcases.Login2$Login.login(Login2.java:15)
	at testcases.Login2$Login.login(Login2.java:15)
	at testcases.Login2$Login.login(Login2.java:15)
	at testcases.Login2$Login.login(Login2.java:15)
	at testcases.Login2$Login.login(Login2.java:15)
	at testcases.Login2$Login.login(Login2.java:15)
	at testcases.Login2$Login.login(Login2.java:15)
	at testcases.Login2$Login.login(Login2.java:15)
	at testcases.Login2$Login.login(Login2.java:15)
	at testcases.Login2$Login.login(Login2.java:15)
	at testcases.Login2$Login.login(Login2.java:15)
	at testcases.Login2$Login.login(Login2.java:15)
	at testcases.Login2$Login.login(Login2.java:15)
	at testcases.Login2$Login.login(Login2.java:15)
	at testcases.Login2$Login.login(Login2.java:15)
	at testcases.Login2$Login.login(Login2.java:15)
	at testcases.Login2$Login.login(Login2.java:15)
	at testcases.Login2$Login.login(Login2.java:15)
	at testcases.Login2$Login.login(Login2.java:15)
	at testcases.Login2$Login.login(Login2.java:15)
	at testcases.Login2$Login.login(Login2.java:15)
	at testcases.Login2$Login.login(Login2.java:15)
	at testcases.Login2$Login.login(Login2.java:15)
	at testcases.Login2$Login.login(Login2.java:15)
	at testcases.Login2$Login.login(Login2.java:15)
	at testcases.Login2$Login.login(Login2.java:15)
	at testcases.Login2$Login.login(Login2.java:15)
	at testcases.Login2$Login.login(Login2.java:15)
	at testcases.Login2$Login.login(Login2.java:15)
	at testcases.Login2$Login.login(Login2.java:15)
	at testcases.Login2$Login.login(Login2.java:15)
	at testcases.Login2$Login.login(Login2.java:15)
	at testcases.Login2$Login.login(Login2.java:15)
	at testcases.Login2$Login.login(Login2.java:15)
	at testcases.Login2$Login.login(Login2.java:15)
	at testcases.Login2$Login.login(Login2.java:15)
	at testcases.Login2$Login.login(Login2.java:15)
	at testcases.Login2$Login.login(Login2.java:15)
	at testcases.Login2$Login.login(Login2.java:15)
	at testcases.Login2$Login.login(Login2.java:15)
	at testcases.Login2$Login.login(Login2.java:15)
	at testcases.Login2$Login.login(Login2.java:15)
	at testcases.Login2$Login.login(Login2.java:15)
	at testcases.Login2$Login.login(Login2.java:15)
	at testcases.Login2$Login.login(Login2.java:15)
	at testcases.Login2$Login.login(Login2.java:15)
	at testcases.Login2$Login.login(Login2.java:15)
	at testcases.Login2$Login.login(Login2.java:15)
	at testcases.Login2$Login.login(Login2.java:15)
	at testcases.Login2$Login.login(Login2.java:15)
	at testcases.Login2$Login.login(Login2.java:15)
	at testcases.Login2$Login.login(Login2.java:15)
	at testcases.Login2$Login.login(Login2.java:15)
	at testcases.Login2$Login.login(Login2.java:15)
	at testcases.Login2$Login.login(Login2.java:15)
	at testcases.Login2$Login.login(Login2.java:15)
	at testcases.Login2$Login.login(Login2.java:15)
	at testcases.Login2$Login.login(Login2.java:15)
	at testcases.Login2$Login.login(Login2.java:15)
	at testcases.Login2$Login.login(Login2.java:15)
	at testcases.Login2$Login.login(Login2.java:15)
	at testcases.Login2$Login.login(Login2.java:15)
	at testcases.Login2$Login.login(Login2.java:15)
	at testcases.Login2$Login.login(Login2.java:15)
	at testcases.Login2$Login.login(Login2.java:15)
	at testcases.Login2$Login.login(Login2.java:15)
	at testcases.Login2$Login.login(Login2.java:15)
	at testcases.Login2$Login.login(Login2.java:15)
	at testcases.Login2$Login.login(Login2.java:15)
	at testcases.Login2$Login.login(Login2.java:15)
	at testcases.Login2$Login.login(Login2.java:15)
	at testcases.Login2$Login.login(Login2.java:15)
	at testcases.Login2$Login.login(Login2.java:15)
	at testcases.Login2$Login.login(Login2.java:15)
	at testcases.Login2$Login.login(Login2.java:15)
	at testcases.Login2$Login.login(Login2.java:15)
	at testcases.Login2$Login.login(Login2.java:15)
	at testcases.Login2$Login.login(Login2.java:15)
	at testcases.Login2$Login.login(Login2.java:15)
	at testcases.Login2$Login.login(Login2.java:15)
	at testcases.Login2$Login.login(Login2.java:15)
	at testcases.Login2$Login.login(Login2.java:15)
	at testcases.Login2$Login.login(Login2.java:15)
	at testcases.Login2$Login.login(Login2.java:15)
	at testcases.Login2$Login.login(Login2.java:15)
	at testcases.Login2$Login.login(Login2.java:15)
	at testcases.Login2$Login.login(Login2.java:15)
	at testcases.Login2$Login.login(Login2.java:15)
	at testcases.Login2$Login.login(Login2.java:15)
	at testcases.Login2$Login.login(Login2.java:15)
	at testcases.Login2$Login.login(Login2.java:15)
	at testcases.Login2$Login.login(Login2.java:15)
	at testcases.Login2$Login.login(Login2.java:15)
	at testcases.Login2$Login.login(Login2.java:15)
	at testcases.Login2$Login.login(Login2.java:15)
	at testcases.Login2$Login.login(Login2.java:15)
	at testcases.Login2$Login.login(Login2.java:15)
	at testcases.Login2$Login.login(Login2.java:15)
	at testcases.Login2$Login.login(Login2.java:15)
	at testcases.Login2$Login.login(Login2.java:15)
	at testcases.Login2$Login.login(Login2.java:15)
	at testcases.Login2$Login.login(Login2.java:15)
	at testcases.Login2$Login.login(Login2.java:15)
	at testcases.Login2$Login.login(Login2.java:15)
	at testcases.Login2$Login.login(Login2.java:15)
	at testcases.Login2$Login.login(Login2.java:15)
	at testcases.Login2$Login.login(Login2.java:15)
	at testcases.Login2$Login.login(Login2.java:15)
	at testcases.Login2$Login.login(Login2.java:15)
	at testcases.Login2$Login.login(Login2.java:15)
	at testcases.Login2$Login.login(Login2.java:15)
	at testcases.Login2$Login.login(Login2.java:15)
	at testcases.Login2$Login.login(Login2.java:15)
	at testcases.Login2$Login.login(Login2.java:15)
	at testcases.Login2$Login.login(Login2.java:15)
	at testcases.Login2$Login.login(Login2.java:15)
	at testcases.Login2$Login.login(Login2.java:15)
	at testcases.Login2$Login.login(Login2.java:15)
	at testcases.Login2$Login.login(Login2.java:15)
	at testcases.Login2$Login.login(Login2.java:15)
	at testcases.Login2$Login.login(Login2.java:15)
	at testcases.Login2$Login.login(Login2.java:15)
	at testcases.Login2$Login.login(Login2.java:15)
	at testcases.Login2$Login.login(Login2.java:15)
	at testcases.Login2$Login.login(Login2.java:15)
	at testcases.Login2$Login.login(Login2.java:15)
	at testcases.Login2$Login.login(Login2.java:15)
	at testcases.Login2$Login.login(Login2.java:15)
	at testcases.Login2$Login.login(Login2.java:15)
	at testcases.Login2$Login.login(Login2.java:15)
	at testcases.Login2$Login.login(Login2.java:15)
	at testcases.Login2$Login.login(Login2.java:15)
	at testcases.Login2$Login.login(Login2.java:15)
	at testcases.Login2$Login.login(Login2.java:15)
	at testcases.Login2$Login.login(Login2.java:15)
	at testcases.Login2$Login.login(Login2.java:15)
	at testcases.Login2$Login.login(Login2.java:15)
	at testcases.Login2$Login.login(Login2.java:15)
	at testcases.Login2$Login.login(Login2.java:15)
	at testcases.Login2$Login.login(Login2.java:15)
	at testcases.Login2$Login.login(Login2.java:15)
	at testcases.Login2$Login.login(Login2.java:15)
	at testcases.Login2$Login.login(Login2.java:15)
	at testcases.Login2$Login.login(Login2.java:15)
	at testcases.Login2$Login.login(Login2.java:15)
	at testcases.Login2$Login.login(Login2.java:15)
	at testcases.Login2$Login.login(Login2.java:15)
	at testcases.Login2$Login.login(Login2.java:15)
	at testcases.Login2$Login.login(Login2.java:15)
	at testcases.Login2$Login.login(Login2.java:15)
	at testcases.Login2$Login.login(Login2.java:15)
	at testcases.Login2$Login.login(Login2.java:15)
	at testcases.Login2$Login.login(Login2.java:15)
	at testcases.Login2$Login.login(Login2.java:15)
	at testcases.Login2$Login.login(Login2.java:15)
	at testcases.Login2$Login.login(Login2.java:15)
	at testcases.Login2$Login.login(Login2.java:15)
	at testcases.Login2$Login.login(Login2.java:15)
	at testcases.Login2$Login.login(Login2.java:15)
	at testcases.Login2$Login.login(Login2.java:15)
	at testcases.Login2$Login.login(Login2.java:15)
	at testcases.Login2$Login.login(Login2.java:15)
	at testcases.Login2$Login.login(Login2.java:15)
	at testcases.Login2$Login.login(Login2.java:15)
	at testcases.Login2$Login.login(Login2.java:15)
	at testcases.Login2$Login.login(Login2.java:15)
	at testcases.Login2$Login.login(Login2.java:15)
	at testcases.Login2$Login.login(Login2.java:15)
	at testcases.Login2$Login.login(Login2.java:15)
	at testcases.Login2$Login.login(Login2.java:15)
	at testcases.Login2$Login.login(Login2.java:15)
	at testcases.Login2$Login.login(Login2.java:15)
	at testcases.Login2$Login.login(Login2.java:15)
	at testcases.Login2$Login.login(Login2.java:15)
	at testcases.Login2$Login.login(Login2.java:15)
	at testcases.Login2$Login.login(Login2.java:15)
	at testcases.Login2$Login.login(Login2.java:15)
	at testcases.Login2$Login.login(Login2.java:15)
	at testcases.Login2$Login.login(Login2.java:15)
	at testcases.Login2$Login.login(Login2.java:15)
	at testcases.Login2$Login.login(Login2.java:15)
	at testcases.Login2$Login.login(Login2.java:15)
	at testcases.Login2$Login.login(Login2.java:15)
	at testcases.Login2$Login.login(Login2.java:15)
	at testcases.Login2$Login.login(Login2.java:15)
	at testcases.Login2$Login.login(Login2.java:15)
	at testcases.Login2$Login.login(Login2.java:15)
	at testcases.Login2$Login.login(Login2.java:15)
	at testcases.Login2$Login.login(Login2.java:15)
	at testcases.Login2$Login.login(Login2.java:15)
	at testcases.Login2$Login.login(Login2.java:15)
	at testcases.Login2$Login.login(Login2.java:15)
	at testcases.Login2$Login.login(Login2.java:15)
	at testcases.Login2$Login.login(Login2.java:15)
	at testcases.Login2$Login.login(Login2.java:15)
	at testcases.Login2$Login.login(Login2.java:15)
	at testcases.Login2$Login.login(Login2.java:15)
	at testcases.Login2$Login.login(Login2.java:15)
	at testcases.Login2$Login.login(Login2.java:15)
	at testcases.Login2$Login.login(Login2.java:15)
	at testcases.Login2$Login.login(Login2.java:15)
	at testcases.Login2$Login.login(Login2.java:15)
	at testcases.Login2$Login.login(Login2.java:15)
	at testcases.Login2$Login.login(Login2.java:15)
	at testcases.Login2$Login.login(Login2.java:15)
	at testcases.Login2$Login.login(Login2.java:15)
	at testcases.Login2$Login.login(Login2.java:15)
	at testcases.Login2$Login.login(Login2.java:15)
	at testcases.Login2$Login.login(Login2.java:15)
	at testcases.Login2$Login.login(Login2.java:15)
	at testcases.Login2$Login.login(Login2.java:15)
	at testcases.Login2$Login.login(Login2.java:15)
	at testcases.Login2$Login.login(Login2.java:15)
	at testcases.Login2$Login.login(Login2.java:15)
	at testcases.Login2$Login.login(Login2.java:15)
	at testcases.Login2$Login.login(Login2.java:15)
	at testcases.Login2$Login.login(Login2.java:15)
	at testcases.Login2$Login.login(Login2.java:15)
	at testcases.Login2$Login.login(Login2.java:15)
	at testcases.Login2$Login.login(Login2.java:15)
	at testcases.Login2$Login.login(Login2.java:15)
	at testcases.Login2$Login.login(Login2.java:15)
	at testcases.Login2$Login.login(Login2.java:15)
	at testcases.Login2$Login.login(Login2.java:15)
	at testcases.Login2$Login.login(Login2.java:15)
	at testcases.Login2$Login.login(Login2.java:15)
	at testcases.Login2$Login.login(Login2.java:15)
	at testcases.Login2$Login.login(Login2.java:15)
	at testcases.Login2$Login.login(Login2.java:15)
	at testcases.Login2$Login.login(Login2.java:15)
	at testcases.Login2$Login.login(Login2.java:15)
	at testcases.Login2$Login.login(Login2.java:15)
	at testcases.Login2$Login.login(Login2.java:15)
	at testcases.Login2$Login.login(Login2.java:15)
	at testcases.Login2$Login.login(Login2.java:15)
	at testcases.Login2$Login.login(Login2.java:15)
	at testcases.Login2$Login.login(Login2.java:15)
	at testcases.Login2$Login.login(Login2.java:15)
	at testcases.Login2$Login.login(Login2.java:15)
	at testcases.Login2$Login.login(Login2.java:15)
	at testcases.Login2$Login.login(Login2.java:15)
	at testcases.Login2$Login.login(Login2.java:15)
	at testcases.Login2$Login.login(Login2.java:15)
	at testcases.Login2$Login.login(Login2.java:15)
	at testcases.Login2$Login.login(Login2.java:15)
	at testcases.Login2$Login.login(Login2.java:15)
	at testcases.Login2$Login.login(Login2.java:15)
	at testcases.Login2$Login.login(Login2.java:15)
	at testcases.Login2$Login.login(Login2.java:15)
	at testcases.Login2$Login.login(Login2.java:15)
	at testcases.Login2$Login.login(Login2.java:15)
	at testcases.Login2$Login.login(Login2.java:15)
	at testcases.Login2$Login.login(Login2.java:15)
	at testcases.Login2$Login.login(Login2.java:15)
	at testcases.Login2$Login.login(Login2.java:15)
	at testcases.Login2$Login.login(Login2.java:15)
	at testcases.Login2$Login.login(Login2.java:15)
	at testcases.Login2$Login.login(Login2.java:15)
	at testcases.Login2$Login.login(Login2.java:15)
	at testcases.Login2$Login.login(Login2.java:15)
	at testcases.Login2$Login.login(Login2.java:15)
	at testcases.Login2$Login.login(Login2.java:15)
	at testcases.Login2$Login.login(Login2.java:15)
	at testcases.Login2$Login.login(Login2.java:15)
	at testcases.Login2$Login.login(Login2.java:15)
	at testcases.Login2$Login.login(Login2.java:15)
	at testcases.Login2$Login.login(Login2.java:15)
	at testcases.Login2$Login.login(Login2.java:15)
	at testcases.Login2$Login.login(Login2.java:15)
	at testcases.Login2$Login.login(Login2.java:15)
	at testcases.Login2$Login.login(Login2.java:15)
	at testcases.Login2$Login.login(Login2.java:15)
	at testcases.Login2$Login.login(Login2.java:15)
	at testcases.Login2$Login.login(Login2.java:15)
	at testcases.Login2$Login.login(Login2.java:15)
	at testcases.Login2$Login.login(Login2.java:15)
	at testcases.Login2$Login.login(Login2.java:15)
	at testcases.Login2$Login.login(Login2.java:15)
	at testcases.Login2$Login.login(Login2.java:15)
	at testcases.Login2$Login.login(Login2.java:15)
	at testcases.Login2$Login.login(Login2.java:15)
	at testcases.Login2$Login.login(Login2.java:15)
	at testcases.Login2$Login.login(Login2.java:15)
	at testcases.Login2$Login.login(Login2.java:15)
	at testcases.Login2$Login.login(Login2.java:15)
	at testcases.Login2$Login.login(Login2.java:15)
	at testcases.Login2$Login.login(Login2.java:15)
	at testcases.Login2$Login.login(Login2.java:15)
	at testcases.Login2$Login.login(Login2.java:15)
	at testcases.Login2$Login.login(Login2.java:15)
	at testcases.Login2$Login.login(Login2.java:15)
	at testcases.Login2$Login.login(Login2.java:15)
	at testcases.Login2$Login.login(Login2.java:15)
	at testcases.Login2$Login.login(Login2.java:15)
	at testcases.Login2$Login.login(Login2.java:15)
	at testcases.Login2$Login.login(Login2.java:15)
	at testcases.Login2$Login.login(Login2.java:15)
	at testcases.Login2$Login.login(Login2.java:15)
	at testcases.Login2$Login.login(Login2.java:15)
	at testcases.Login2$Login.login(Login2.java:15)
	at testcases.Login2$Login.login(Login2.java:15)
	at testcases.Login2$Login.login(Login2.java:15)
	at testcases.Login2$Login.login(Login2.java:15)
	at testcases.Login2$Login.login(Login2.java:15)
	at testcases.Login2$Login.login(Login2.java:15)
	at testcases.Login2$Login.login(Login2.java:15)
	at testcases.Login2$Login.login(Login2.java:15)
	at testcases.Login2$Login.login(Login2.java:15)
	at testcases.Login2$Login.login(Login2.java:15)
	at testcases.Login2$Login.login(Login2.java:15)
	at testcases.Login2$Login.login(Login2.java:15)
	at testcases.Login2$Login.login(Login2.java:15)
	at testcases.Login2$Login.login(Login2.java:15)
	at testcases.Login2$Login.login(Login2.java:15)
	at testcases.Login2$Login.login(Login2.java:15)
	at testcases.Login2$Login.login(Login2.java:15)
	at testcases.Login2$Login.login(Login2.java:15)
	at testcases.Login2$Login.login(Login2.java:15)
	at testcases.Login2$Login.login(Login2.java:15)
	at testcases.Login2$Login.login(Login2.java:15)
	at testcases.Login2$Login.login(Login2.java:15)
	at testcases.Login2$Login.login(Login2.java:15)
	at testcases.Login2$Login.login(Login2.java:15)
	at testcases.Login2$Login.login(Login2.java:15)
	at testcases.Login2$Login.login(Login2.java:15)
	at testcases.Login2$Login.login(Login2.java:15)
	at testcases.Login2$Login.login(Login2.java:15)
	at testcases.Login2$Login.login(Login2.java:15)
	at testcases.Login2$Login.login(Login2.java:15)
	at testcases.Login2$Login.login(Login2.java:15)
	at testcases.Login2$Login.login(Login2.java:15)
	at testcases.Login2$Login.login(Login2.java:15)
	at testcases.Login2$Login.login(Login2.java:15)
	at testcases.Login2$Login.login(Login2.java:15)
	at testcases.Login2$Login.login(Login2.java:15)
	at testcases.Login2$Login.login(Login2.java:15)
	at testcases.Login2$Login.login(Login2.java:15)
	at testcases.Login2$Login.login(Login2.java:15)
	at testcases.Login2$Login.login(Login2.java:15)
	at testcases.Login2$Login.login(Login2.java:15)
	at testcases.Login2$Login.login(Login2.java:15)
	at testcases.Login2$Login.login(Login2.java:15)
	at testcases.Login2$Login.login(Login2.java:15)
	at testcases.Login2$Login.login(Login2.java:15)
	at testcases.Login2$Login.login(Login2.java:15)
	at testcases.Login2$Login.login(Login2.java:15)
	at testcases.Login2$Login.login(Login2.java:15)
	at testcases.Login2$Login.login(Login2.java:15)
	at testcases.Login2$Login.login(Login2.java:15)
	at testcases.Login2$Login.login(Login2.java:15)
	at testcases.Login2$Login.login(Login2.java:15)
	at testcases.Login2$Login.login(Login2.java:15)
	at testcases.Login2$Login.login(Login2.java:15)
	at testcases.Login2$Login.login(Login2.java:15)
	at testcases.Login2$Login.login(Login2.java:15)
	at testcases.Login2$Login.login(Login2.java:15)
	at testcases.Login2$Login.login(Login2.java:15)
	at testcases.Login2$Login.login(Login2.java:15)
	at testcases.Login2$Login.login(Login2.java:15)
	at testcases.Login2$Login.login(Login2.java:15)
	at testcases.Login2$Login.login(Login2.java:15)
	at testcases.Login2$Login.login(Login2.java:15)
	at testcases.Login2$Login.login(Login2.java:15)
	at testcases.Login2$Login.login(Login2.java:15)
	at testcases.Login2$Login.login(Login2.java:15)
	at testcases.Login2$Login.login(Login2.java:15)
	at testcases.Login2$Login.login(Login2.java:15)
	at testcases.Login2$Login.login(Login2.java:15)
	at testcases.Login2$Login.login(Login2.java:15)
	at testcases.Login2$Login.login(Login2.java:15)
	at testcases.Login2$Login.login(Login2.java:15)
	at testcases.Login2$Login.login(Login2.java:15)
	at testcases.Login2$Login.login(Login2.java:15)
	at testcases.Login2$Login.login(Login2.java:15)
	at testcases.Login2$Login.login(Login2.java:15)
	at testcases.Login2$Login.login(Login2.java:15)
	at testcases.Login2$Login.login(Login2.java:15)
	at testcases.Login2$Login.login(Login2.java:15)
	at testcases.Login2$Login.login(Login2.java:15)
	at testcases.Login2$Login.login(Login2.java:15)
	at testcases.Login2$Login.login(Login2.java:15)
	at testcases.Login2$Login.login(Login2.java:15)
	at testcases.Login2$Login.login(Login2.java:15)
	at testcases.Login2$Login.login(Login2.java:15)
	at testcases.Login2$Login.login(Login2.java:15)
	at testcases.Login2$Login.login(Login2.java:15)
	at testcases.Login2$Login.login(Login2.java:15)
	at testcases.Login2$Login.login(Login2.java:15)
	at testcases.Login2$Login.login(Login2.java:15)
	at testcases.Login2$Login.login(Login2.java:15)
	at testcases.Login2$Login.login(Login2.java:15)
	at testcases.Login2$Login.login(Login2.java:15)
	at testcases.Login2$Login.login(Login2.java:15)
	at testcases.Login2$Login.login(Login2.java:15)
	at testcases.Login2$Login.login(Login2.java:15)
	at testcases.Login2$Login.login(Login2.java:15)
	at testcases.Login2$Login.login(Login2.java:15)
	at testcases.Login2$Login.login(Login2.java:15)
	at testcases.Login2$Login.login(Login2.java:15)
	at testcases.Login2$Login.login(Login2.java:15)
	at testcases.Login2$Login.login(Login2.java:15)
	at testcases.Login2$Login.login(Login2.java:15)
	at testcases.Login2$Login.login(Login2.java:15)
	at testcases.Login2$Login.login(Login2.java:15)
	at testcases.Login2$Login.login(Login2.java:15)
	at testcases.Login2$Login.login(Login2.java:15)
	at testcases.Login2$Login.login(Login2.java:15)
	at testcases.Login2$Login.login(Login2.java:15)
	at testcases.Login2$Login.login(Login2.java:15)
	at testcases.Login2$Login.login(Login2.java:15)
	at testcases.Login2$Login.login(Login2.java:15)
	at testcases.Login2$Login.login(Login2.java:15)
	at testcases.Login2$Login.login(Login2.java:15)
	at testcases.Login2$Login.login(Login2.java:15)
]]>
    </error>
  </testcase> <!-- login -->
</testsuite> <!-- testcases.Login2$Login -->
