<?xml version="1.0" encoding="UTF-8"?>
<!-- Generated by org.testng.reporters.JUnitReportReporter -->
<testsuite skipped="0" hostname="DESKTOP-7K4NGQ6" name="homework.Leads" tests="1" failures="0" timestamp="18 Aug 2018 03:40:20 GMT" time="40.650" errors="0">
  <testcase name="main" time="40.650" classname="homework.Leads"/>
</testsuite> <!-- homework.Leads -->
